2024-11-27 14:48:59,636 - app.websockets - ERROR - Failed to initialize room manager: object generator can't be used in 'await' expression
2024-11-27 14:48:59,726 - watchfiles.main - INFO - 1 change detected
2024-11-27 14:49:00,082 - watchfiles.main - INFO - 1 change detected
2024-11-27 14:49:00,449 - watchfiles.main - INFO - 1 change detected
2024-11-27 14:49:00,868 - watchfiles.main - INFO - 1 change detected
2024-11-27 14:49:01,282 - watchfiles.main - INFO - 1 change detected
2024-11-27 14:49:01,647 - watchfiles.main - INFO - 1 change detected
2024-11-27 14:49:02,065 - watchfiles.main - INFO - 1 change detected
2024-11-27 14:49:02,481 - watchfiles.main - INFO - 1 change detected
2024-11-27 14:49:02,844 - watchfiles.main - INFO - 1 change detected
2024-11-27 14:49:03,260 - watchfiles.main - INFO - 1 change detected
2024-11-27 14:49:03,674 - watchfiles.main - INFO - 1 change detected
2024-11-27 14:49:04,039 - watchfiles.main - INFO - 1 change detected
2024-11-27 14:49:04,457 - watchfiles.main - INFO - 1 change detected
2024-11-27 14:49:04,870 - watchfiles.main - INFO - 1 change detected
2024-11-27 14:49:05,283 - watchfiles.main - INFO - 1 change detected
2024-11-27 14:49:05,646 - watchfiles.main - INFO - 1 change detected
2024-11-27 14:49:06,099 - watchfiles.main - INFO - 1 change detected
2024-11-27 14:49:06,460 - watchfiles.main - INFO - 1 change detected
2024-11-27 14:49:06,877 - watchfiles.main - INFO - 1 change detected
2024-11-27 14:49:07,291 - watchfiles.main - INFO - 1 change detected
2024-11-27 14:49:07,656 - watchfiles.main - INFO - 1 change detected
2024-11-27 14:49:08,074 - watchfiles.main - INFO - 1 change detected
2024-11-27 14:49:08,487 - watchfiles.main - INFO - 1 change detected
2024-11-27 14:49:08,900 - watchfiles.main - INFO - 1 change detected
2024-11-27 14:49:09,263 - watchfiles.main - INFO - 1 change detected
2024-11-27 14:49:09,681 - watchfiles.main - INFO - 1 change detected
2024-11-27 14:49:10,095 - watchfiles.main - INFO - 1 change detected
2024-11-27 14:49:10,457 - watchfiles.main - INFO - 1 change detected
2024-11-27 14:49:10,860 - watchfiles.main - INFO - 1 change detected
2024-11-27 14:49:11,274 - watchfiles.main - INFO - 1 change detected
2024-11-27 14:49:11,689 - watchfiles.main - INFO - 1 change detected
2024-11-27 14:49:12,052 - watchfiles.main - INFO - 1 change detected
2024-11-27 14:49:12,456 - watchfiles.main - INFO - 1 change detected
2024-11-27 14:49:12,870 - watchfiles.main - INFO - 1 change detected
2024-11-27 14:49:13,284 - watchfiles.main - INFO - 1 change detected
2024-11-27 14:49:13,647 - watchfiles.main - INFO - 1 change detected
2024-11-27 14:49:14,064 - watchfiles.main - INFO - 1 change detected
2024-11-27 14:49:14,479 - watchfiles.main - INFO - 1 change detected
2024-11-27 14:49:14,843 - watchfiles.main - INFO - 1 change detected
2024-11-27 14:49:15,262 - watchfiles.main - INFO - 1 change detected
2024-11-27 14:49:15,675 - watchfiles.main - INFO - 1 change detected
2024-11-27 14:49:16,038 - watchfiles.main - INFO - 1 change detected
2024-11-27 14:49:16,440 - watchfiles.main - INFO - 1 change detected
2024-11-27 14:49:16,854 - watchfiles.main - INFO - 1 change detected
2024-11-27 14:49:17,269 - watchfiles.main - INFO - 1 change detected
2024-11-27 14:49:17,632 - watchfiles.main - INFO - 1 change detected
2024-11-27 14:49:18,036 - watchfiles.main - INFO - 1 change detected
2024-11-27 14:49:18,450 - watchfiles.main - INFO - 1 change detected
2024-11-27 14:49:18,864 - watchfiles.main - INFO - 1 change detected
2024-11-27 14:49:19,228 - watchfiles.main - INFO - 1 change detected
2024-11-27 14:49:19,644 - watchfiles.main - INFO - 1 change detected
2024-11-27 14:49:20,060 - watchfiles.main - INFO - 1 change detected
2024-11-27 14:49:20,423 - watchfiles.main - INFO - 1 change detected
2024-11-27 14:49:20,841 - watchfiles.main - INFO - 1 change detected
2024-11-27 14:49:21,255 - watchfiles.main - INFO - 1 change detected
2024-11-27 14:49:21,669 - watchfiles.main - INFO - 1 change detected
2024-11-27 14:49:22,084 - watchfiles.main - INFO - 1 change detected
2024-11-27 14:49:22,447 - watchfiles.main - INFO - 1 change detected
2024-11-27 14:49:22,864 - watchfiles.main - INFO - 1 change detected
2024-11-27 14:49:23,278 - watchfiles.main - INFO - 1 change detected
2024-11-27 14:49:23,643 - watchfiles.main - INFO - 1 change detected
2024-11-27 14:49:24,061 - watchfiles.main - INFO - 1 change detected
2024-11-27 14:49:24,476 - watchfiles.main - INFO - 1 change detected
2024-11-27 14:49:24,839 - watchfiles.main - INFO - 1 change detected
2024-11-27 14:49:25,292 - watchfiles.main - INFO - 1 change detected
2024-11-27 14:49:25,651 - watchfiles.main - INFO - 1 change detected
2024-11-27 14:49:26,069 - watchfiles.main - INFO - 1 change detected
2024-11-27 14:49:26,480 - watchfiles.main - INFO - 1 change detected
2024-11-27 14:49:26,895 - watchfiles.main - INFO - 1 change detected
2024-11-27 14:49:27,259 - watchfiles.main - INFO - 1 change detected
2024-11-27 14:49:27,678 - watchfiles.main - INFO - 1 change detected
2024-11-27 14:49:28,092 - watchfiles.main - INFO - 1 change detected
2024-11-27 14:49:28,456 - watchfiles.main - INFO - 1 change detected
2024-11-27 14:49:28,873 - watchfiles.main - INFO - 1 change detected
2024-11-27 14:49:29,288 - watchfiles.main - INFO - 1 change detected
2024-11-27 14:49:29,700 - watchfiles.main - INFO - 1 change detected
2024-11-27 14:49:30,064 - watchfiles.main - INFO - 1 change detected
2024-11-27 14:49:30,518 - watchfiles.main - INFO- 1 change detected
2024-11-27 14:49:30,877 - watchfiles.main - INFO - 1 change detected
2024-11-27 14:49:31,294 - watchfiles.main - INFO - 1 change detected
2024-11-27 14:49:31,708 - watchfiles.main - INFO - 1 change detected
2024-11-27 14:49:32,070 - watchfiles.main - INFO - 1 change detected
2024-11-27 14:49:32,487 - watchfiles.main - INFO - 1 change detected
2024-11-27 14:49:32,901 - watchfiles.main - INFO - 1 change detected
2024-11-27 14:49:33,264 - watchfiles.main - INFO - 1 change detected
2024-11-27 14:49:33,682 - watchfiles.main - INFO - 1 change detected
2024-11-27 14:49:34,095 - watchfiles.main - INFO - 1 change detected
2024-11-27 15:07:11,780 - app.websockets - ERROR - Failed to initialize room manager: object generator can't be used in 'await' expression
2024-11-27 15:07:11,884 - watchfiles.main - INFO - 1 change detected
2024-11-27 15:07:12,247 - watchfiles.main - INFO - 1 change detected
2024-11-27 15:07:12,600 - watchfiles.main - INFO - 1 change detected
2024-11-27 15:07:13,020 - watchfiles.main - INFO - 1 change detected
2024-11-27 15:07:13,381 - watchfiles.main - INFO - 1 change detected
2024-11-27 15:07:13,834 - watchfiles.main - INFO - 1 change detected
2024-11-27 15:07:14,245 - watchfiles.main - INFO - 1 change detected
2024-11-27 15:07:14,607 - watchfiles.main - INFO - 1 change detected
2024-11-27 15:07:15,011 - watchfiles.main - INFO - 1 change detected
2024-11-27 15:07:15,424 - watchfiles.main - INFO - 1 change detected
2024-11-27 15:07:15,837 - watchfiles.main - INFO - 1 change detected
2024-11-27 15:07:16,200 - watchfiles.main - INFO - 1 change detected
2024-11-27 15:07:16,617 - watchfiles.main - INFO - 1 change detected
2024-11-27 15:07:17,028 - watchfiles.main - INFO - 1 change detected
2024-11-27 15:07:17,442 - watchfiles.main - INFO - 1 change detected
2024-11-27 15:07:17,807 - watchfiles.main - INFO - 1 change detected
2024-11-27 15:07:18,222 - watchfiles.main - INFO - 1 change detected
2024-11-27 15:07:18,638 - watchfiles.main - INFO - 1 change detected
2024-11-27 15:07:19,001 - watchfiles.main - INFO - 1 change detected
2024-11-27 15:07:19,419 - watchfiles.main - INFO - 1 change detected
2024-11-27 15:07:19,831 - watchfiles.main - INFO - 1 change detected
2024-11-27 15:07:20,195 - watchfiles.main - INFO - 1 change detected
2024-11-27 15:07:20,614 - watchfiles.main - INFO - 1 change detected
2024-11-27 15:07:21,026 - watchfiles.main - INFO - 1 change detected
2024-11-27 15:07:21,390 - watchfiles.main - INFO - 1 change detected
2024-11-27 15:07:21,806 - watchfiles.main - INFO - 1 change detected
2024-11-27 15:07:22,219 - watchfiles.main - INFO - 1 change detected
2024-11-27 15:10:58,530 - app.websockets - ERROR - Failed to initialize room manager: 'RoomManager' object has no attribute '_monitor_connections'
2024-11-27 15:10:58,659 - app.websockets - ERROR - Error in cleanup task: (psycopg2.errors.UndefinedTable) relation "rooms" does not exist
LINE 2: FROM rooms 
             ^

[SQL: SELECT rooms.id AS rooms_id, rooms.room_id AS rooms_room_id, rooms.created_at AS rooms_created_at, rooms.last_activity AS rooms_last_activity, rooms.max_participants AS rooms_max_participants, rooms.is_locked AS rooms_is_locked 
FROM rooms 
WHERE rooms.last_activity < %(last_activity_1)s]
[parameters: {'last_activity_1': datetime.datetime(2024, 11, 26, 9, 40, 58, 542962)}]
(Background on this error at: https://sqlalche.me/e/20/f405)
2024-11-27 15:10:58,740 - watchfiles.main - INFO - 1 change detected
2024-11-27 15:10:59,098 - watchfiles.main - INFO - 1 change detected
2024-11-27 15:10:59,516 - watchfiles.main - INFO - 1 change detected
2024-11-27 15:10:59,930 - watchfiles.main - INFO - 1 change detected
2024-11-27 15:11:00,341 - watchfiles.main - INFO - 1 change detected
2024-11-27 15:11:00,757 - watchfiles.main - INFO - 1 change detected
2024-11-27 15:11:01,221 - watchfiles.main - INFO - 1 change detected
2024-11-27 15:11:01,629 - watchfiles.main - INFO - 1 change detected
2024-11-27 15:11:01,993 - watchfiles.main - INFO - 1 change detected
2024-11-27 15:11:02,410 - watchfiles.main - INFO - 1 change detected
2024-11-27 15:13:24,097 - app.websockets - ERROR - Failed to start background tasks: 'RoomManager' object has no attribute '_monitor_connections'
2024-11-27 15:13:24,098 - app.websockets - CRITICAL - Failed to initialize room manager: 'RoomManager' object has no attribute '_monitor_connections'
2024-11-27 15:13:24,106 - app.websockets - ERROR - Unexpected error in cleanup task: 'RoomManager' object has no attribute '_get_inactive_rooms'
2024-11-27 15:13:24,161 - watchfiles.main - INFO - 1 change detected
2024-11-27 15:13:24,517 - watchfiles.main - INFO - 1 change detected
2024-11-27 15:13:24,920 - watchfiles.main - INFO - 1 change detected
2024-11-27 15:13:25,333 - watchfiles.main - INFO - 1 change detected
2024-11-27 15:13:25,697 - watchfiles.main - INFO - 1 change detected
2024-11-27 15:13:26,115 - watchfiles.main - INFO - 1 change detected
2024-11-27 15:13:26,479 - watchfiles.main - INFO - 1 change detected
2024-11-27 15:13:26,896 - watchfiles.main - INFO - 1 change detected
2024-11-27 15:13:27,309 - watchfiles.main - INFO - 1 change detected
2024-11-27 15:13:27,673 - watchfiles.main - INFO - 1 change detected
2024-11-27 15:13:28,090 - watchfiles.main - INFO - 1 change detected
2024-11-27 15:13:28,504 - watchfiles.main - INFO - 1 change detected
2024-11-27 15:13:28,868 - watchfiles.main - INFO - 1 change detected
2024-11-27 15:13:29,284 - watchfiles.main - INFO - 1 change detected
2024-11-27 15:15:18,922 - app.websockets - ERROR - Failed to start background tasks: 'RoomManager' object has no attribute '_monitor_connections'
2024-11-27 15:15:18,922 - app.websockets - CRITICAL - Failed to initialize room manager: 'RoomManager' object has no attribute '_monitor_connections'
2024-11-27 15:15:19,000 - app.websockets - ERROR - Error getting inactive rooms: (psycopg2.errors.UndefinedTable) relation "rooms" does not exist
LINE 2: FROM rooms 
             ^

[SQL: SELECT rooms.id AS rooms_id, rooms.room_id AS rooms_room_id, rooms.created_at AS rooms_created_at, rooms.last_activity AS rooms_last_activity, rooms.max_participants AS rooms_max_participants, rooms.is_locked AS rooms_is_locked 
FROM rooms 
WHERE rooms.last_activity < %(last_activity_1)s]
[parameters: {'last_activity_1': datetime.datetime(2024, 11, 26, 9, 45, 18, 931977)}]
(Background on this error at: https://sqlalche.me/e/20/f405)
2024-11-27 15:15:19,014 - watchfiles.main - INFO - 1 change detected
2024-11-27 15:15:19,481 - watchfiles.main - INFO - 1 change detected
2024-11-27 15:15:19,890 - watchfiles.main - INFO - 1 change detected
2024-11-27 15:15:20,255 - watchfiles.main - INFO - 1 change detected
2024-11-27 15:15:20,673 - watchfiles.main - INFO - 1 change detected
2024-11-27 15:15:21,086 - watchfiles.main - INFO - 1 change detected
2024-11-27 15:15:21,450 - watchfiles.main - INFO - 1 change detected
2024-11-27 15:15:21,871 - watchfiles.main - INFO - 1 change detected
2024-11-27 15:15:22,283 - watchfiles.main - INFO - 1 change detected
2024-11-27 15:15:22,647 - watchfiles.main - INFO - 1 change detected
2024-11-27 15:15:23,065 - watchfiles.main - INFO - 1 change detected
2024-11-27 15:15:23,479 - watchfiles.main - INFO - 1 change detected
2024-11-27 15:15:23,843 - watchfiles.main - INFO - 1 change detected
2024-11-27 15:15:24,259 - watchfiles.main - INFO - 1 change detected
2024-11-27 15:15:24,671 - watchfiles.main - INFO - 1 change detected
2024-11-27 15:15:25,034 - watchfiles.main - INFO - 1 change detected
2024-11-27 15:15:25,451 - watchfiles.main - INFO - 1 change detected
2024-11-27 15:15:25,864 - watchfiles.main - INFO - 1 change detected
2024-11-27 15:15:26,228 - watchfiles.main - INFO - 1 change detected
2024-11-27 15:15:26,645 - watchfiles.main - INFO - 1 change detected
2024-11-27 15:15:27,059 - watchfiles.main - INFO - 1 change detected
2024-11-27 15:15:27,423 - watchfiles.main - INFO - 1 change detected
2024-11-27 15:15:27,827 - watchfiles.main - INFO - 1 change detected
2024-11-27 15:15:28,239 - watchfiles.main - INFO - 1 change detected
2024-11-27 15:15:28,652 - watchfiles.main - INFO - 1 change detected
2024-11-27 15:15:29,016 - watchfiles.main - INFO - 1 change detected
2024-11-27 15:15:29,419 - watchfiles.main - INFO - 1 change detected
2024-11-27 15:15:29,831 - watchfiles.main - INFO - 1 change detected
2024-11-27 15:15:30,244 - watchfiles.main - INFO - 1 change detected
2024-11-27 15:15:30,657 - watchfiles.main - INFO - 1 change detected
2024-11-27 15:15:31,020 - watchfiles.main - INFO - 1 change detected
2024-11-27 15:15:31,436 - watchfiles.main - INFO - 1 change detected
2024-11-27 15:15:31,848 - watchfiles.main - INFO - 1 change detected
2024-11-27 15:15:32,211 - watchfiles.main - INFO - 1 change detected
2024-11-27 15:15:32,630 - watchfiles.main - INFO - 1 change detected
2024-11-27 15:15:33,043 - watchfiles.main - INFO - 1 change detected
2024-11-27 15:15:33,408 - watchfiles.main - INFO - 1 change detected
2024-11-27 15:15:33,826 - watchfiles.main - INFO - 1 change detected
2024-11-27 15:15:34,240 - watchfiles.main - INFO - 1 change detected
2024-11-27 15:15:34,654 - watchfiles.main - INFO - 1 change detected
2024-11-27 15:15:35,017 - watchfiles.main - INFO - 1 change detected
2024-11-27 15:15:35,435 - watchfiles.main - INFO - 1 change detected
2024-11-27 15:15:35,847 - watchfiles.main - INFO - 1 change detected
2024-11-27 15:15:36,211 - watchfiles.main - INFO - 1 change detected
2024-11-27 15:15:36,628 - watchfiles.main - INFO - 1 change detected
2024-11-27 15:15:37,043 - watchfiles.main - INFO - 1 change detected
2024-11-27 15:15:37,457 - watchfiles.main - INFO - 1 change detected
2024-11-27 15:15:37,819 - watchfiles.main - INFO - 1 change detected
2024-11-27 15:15:38,224 - watchfiles.main - INFO - 1 change detected
2024-11-27 15:15:38,636 - watchfiles.main - INFO - 1 change detected
2024-11-27 15:15:39,051 - watchfiles.main - INFO - 1 change detected
2024-11-27 15:15:39,466 - watchfiles.main - INFO - 1 change detected
2024-11-27 15:15:39,830 - watchfiles.main - INFO - 1 change detected
2024-11-27 15:15:40,248 - watchfiles.main - INFO - 1 change detected
2024-11-27 15:15:40,664 - watchfiles.main - INFO - 1 change detected
2024-11-27 15:15:41,026 - watchfiles.main - INFO - 1 change detected
2024-11-27 15:15:41,444 - watchfiles.main - INFO - 1 change detected
2024-11-27 15:15:41,857 - watchfiles.main - INFO - 1 change detected
2024-11-27 15:15:42,272 - watchfiles.main - INFO - 1 change detected
2024-11-27 15:16:37,280 - app.websockets - ERROR - Failed to start background tasks: 'RoomManager' object has no attribute '_monitor_connections'
2024-11-27 15:16:37,281 - app.websockets - CRITICAL - Failed to initialize room manager: 'RoomManager' object has no attribute '_monitor_connections'
2024-11-27 15:16:37,365 - watchfiles.main - INFO - 1 change detected
2024-11-27 15:16:37,820 - watchfiles.main - INFO - 1 change detected
2024-11-27 15:16:38,231 - watchfiles.main - INFO - 1 change detected
2024-11-27 15:16:38,594 - watchfiles.main - INFO - 1 change detected
2024-11-27 15:16:39,012 - watchfiles.main - INFO - 1 change detected
2024-11-27 15:16:39,425 - watchfiles.main - INFO - 1 change detected
2024-11-27 15:16:39,789 - watchfiles.main - INFO - 1 change detected
2024-11-27 15:16:40,207 - watchfiles.main - INFO - 1 change detected
2024-11-27 15:16:40,620 - watchfiles.main - INFO - 1 change detected
2024-11-27 15:16:40,984 - watchfiles.main - INFO - 1 change detected
2024-11-27 15:16:41,401 - watchfiles.main - INFO - 1 change detected
2024-11-27 15:16:41,815 - watchfiles.main - INFO - 1 change detected
2024-11-27 15:16:42,178 - watchfiles.main - INFO - 1 change detected
2024-11-27 15:16:42,632 - watchfiles.main - INFO - 1 change detected
2024-11-27 15:16:42,992 - watchfiles.main - INFO - 1 change detected
2024-11-27 15:16:43,396 - watchfiles.main - INFO - 1 change detected
2024-11-27 15:16:43,808 - watchfiles.main - INFO - 1 change detected
2024-11-27 15:16:44,224 - watchfiles.main - INFO - 1 change detected
2024-11-27 15:16:44,588 - watchfiles.main - INFO - 1 change detected
2024-11-27 15:16:45,006 - watchfiles.main - INFO - 1 change detected
2024-11-27 15:16:45,419 - watchfiles.main - INFO - 1 change detected
2024-11-27 15:16:45,781 - watchfiles.main - INFO - 1 change detected
2024-11-27 15:16:46,200 - watchfiles.main - INFO - 1 change detected
2024-11-27 15:16:46,613 - watchfiles.main - INFO - 1 change detected
2024-11-27 15:16:47,025 - watchfiles.main - INFO - 1 change detected
2024-11-27 15:16:47,392 - watchfiles.main - INFO - 1 change detected
2024-11-27 15:16:47,808 - watchfiles.main - INFO - 1 change detected
2024-11-27 15:16:48,221 - watchfiles.main - INFO - 1 change detected
2024-11-27 15:16:48,583 - watchfiles.main - INFO - 1 change detected
2024-11-27 15:16:49,000 - watchfiles.main - INFO - 1 change detected
2024-11-27 15:16:49,413 - watchfiles.main - INFO - 1 change detected
2024-11-27 15:16:49,776 - watchfiles.main - INFO - 1 change detected
2024-11-27 15:16:50,194 - watchfiles.main - INFO - 1 change detected
2024-11-27 15:16:50,608 - watchfiles.main - INFO - 1 change detected
2024-11-27 15:16:51,022 - watchfiles.main - INFO - 1 change detected
2024-11-27 15:16:51,387 - watchfiles.main - INFO - 1 change detected
2024-11-27 15:16:51,791 - watchfiles.main - INFO - 1 change detected
2024-11-27 15:16:52,204 - watchfiles.main - INFO - 1 change detected
2024-11-27 15:16:52,620 - watchfiles.main - INFO - 1 change detected
2024-11-27 15:16:52,983 - watchfiles.main - INFO - 1 change detected
2024-11-27 15:16:53,401 - watchfiles.main - INFO - 1 change detected
2024-11-27 15:16:53,814 - watchfiles.main - INFO - 1 change detected
2024-11-27 15:16:54,177 - watchfiles.main - INFO - 1 change detected
2024-11-27 15:16:54,596 - watchfiles.main - INFO - 1 change detected
2024-11-27 15:16:55,007 - watchfiles.main - INFO - 1 change detected
2024-11-27 15:16:55,422 - watchfiles.main - INFO - 1 change detected
2024-11-27 15:16:55,785 - watchfiles.main - INFO - 1 change detected
2024-11-27 15:16:56,187 - watchfiles.main - INFO - 1 change detected
2024-11-27 15:16:56,600 - watchfiles.main - INFO - 1 change detected
2024-11-27 15:16:57,017 - watchfiles.main - INFO - 1 change detected
2024-11-27 15:16:57,379 - watchfiles.main - INFO - 1 change detected
2024-11-27 15:16:57,782 - watchfiles.main - INFO - 1 change detected
2024-11-27 15:16:58,198 - watchfiles.main - INFO - 1 change detected
2024-11-27 15:16:58,613 - watchfiles.main - INFO - 1 change detected
2024-11-27 15:16:58,976 - watchfiles.main - INFO - 1 change detected
2024-11-27 15:16:59,394 - watchfiles.main - INFO - 1 change detected
2024-11-27 15:16:59,807 - watchfiles.main - INFO - 1 change detected
2024-11-27 15:17:00,169 - watchfiles.main - INFO - 1 change detected
2024-11-27 15:17:00,587 - watchfiles.main - INFO - 1 change detected
2024-11-27 15:17:01,001 - watchfiles.main - INFO - 1 change detected
2024-11-27 15:17:01,365 - watchfiles.main - INFO - 1 change detected
2024-11-27 15:17:01,783 - watchfiles.main - INFO - 1 change detected
2024-11-27 15:17:02,197 - watchfiles.main - INFO - 1 change detected
2024-11-27 15:17:02,560 - watchfiles.main - INFO - 1 change detected
2024-11-27 15:17:02,977 - watchfiles.main - INFO - 1 change detected
2024-11-27 15:17:03,391 - watchfiles.main - INFO - 1 change detected
2024-11-27 15:17:03,754 - watchfiles.main - INFO - 1 change detected
2024-11-27 15:17:04,171 - watchfiles.main - INFO - 1 change detected
2024-11-27 15:17:04,585 - watchfiles.main - INFO - 1 change detected
2024-11-27 15:17:04,998 - watchfiles.main - INFO - 1 change detected
2024-11-27 15:17:05,363 - watchfiles.main - INFO - 1 change detected
2024-11-27 15:17:05,780 - watchfiles.main - INFO - 1 change detected
2024-11-27 15:17:06,194 - watchfiles.main - INFO - 1 change detected
2024-11-27 15:17:06,558 - watchfiles.main - INFO - 1 change detected
2024-11-27 15:17:06,975 - watchfiles.main - INFO - 1 change detected
2024-11-27 15:17:07,388 - watchfiles.main - INFO - 1 change detected
2024-11-27 15:17:07,801 - watchfiles.main - INFO - 1 change detected
2024-11-27 15:17:08,164 - watchfiles.main - INFO - 1 change detected
2024-11-27 15:17:08,618 - watchfiles.main - INFO - 1 change detected
2024-11-27 15:17:08,978 - watchfiles.main - INFO - 1 change detected
2024-11-27 15:17:09,394 - watchfiles.main - INFO - 1 change detected
2024-11-27 15:17:09,808 - watchfiles.main - INFO - 1 change detected
2024-11-27 15:18:53,199 - app.websockets - ERROR - Failed to start background tasks: 'RoomManager' object has no attribute '_monitor_connections'
2024-11-27 15:18:53,200 - app.websockets - CRITICAL - Failed to initialize room manager: 'RoomManager' object has no attribute '_monitor_connections'
2024-11-27 15:18:53,210 - app.websockets - ERROR - Error getting inactive rooms: 'generator' object has no attribute 'query'
2024-11-27 15:18:53,257 - watchfiles.main - INFO - 1 change detected
2024-11-27 15:18:53,616 - watchfiles.main - INFO - 1 change detected
2024-11-27 15:18:54,035 - watchfiles.main - INFO - 1 change detected
2024-11-27 15:18:54,397 - watchfiles.main - INFO - 1 change detected
2024-11-27 15:18:54,799 - watchfiles.main - INFO - 1 change detected
2024-11-27 15:18:55,212 - watchfiles.main - INFO - 1 change detected
2024-11-27 15:18:55,625 - watchfiles.main - INFO - 1 change detected
2024-11-27 15:25:50,747 - app.websockets - ERROR - Failed to start background tasks: 'RoomManager' object has no attribute '_monitor_connections'
2024-11-27 15:25:50,748 - app.websockets - CRITICAL - Failed to initialize room manager: 'RoomManager' object has no attribute '_monitor_connections'
2024-11-27 15:25:50,759 - app.websockets - ERROR - Error getting inactive rooms: 'generator' object has no attribute 'query'
2024-11-27 15:25:50,824 - watchfiles.main - INFO - 1 change detected
2024-11-27 15:25:51,178 - watchfiles.main - INFO - 1 change detected
2024-11-27 15:25:51,547 - watchfiles.main - INFO - 1 change detected
2024-11-27 15:25:51,950 - watchfiles.main - INFO - 1 change detected
2024-11-27 15:25:52,361 - watchfiles.main - INFO - 1 change detected
2024-11-27 15:25:52,775 - watchfiles.main - INFO - 1 change detected
2024-11-27 15:25:53,188 - watchfiles.main - INFO - 1 change detected
2024-11-27 15:25:53,554 - watchfiles.main - INFO - 1 change detected
2024-11-27 15:25:53,972 - watchfiles.main - INFO - 1 change detected
2024-11-27 15:25:54,384 - watchfiles.main - INFO - 1 change detected
2024-11-27 15:25:54,746 - watchfiles.main - INFO - 1 change detected
2024-11-27 15:25:55,201 - watchfiles.main - INFO - 1 change detected
2024-11-27 15:25:55,560 - watchfiles.main - INFO - 1 change detected
2024-11-27 15:25:55,978 - watchfiles.main - INFO - 1 change detected
2024-11-27 15:25:56,390 - watchfiles.main - INFO - 1 change detected
2024-11-27 15:25:56,756 - watchfiles.main - INFO - 1 change detected
2024-11-27 15:25:57,172 - watchfiles.main - INFO - 1 change detected
2024-11-27 15:25:57,585 - watchfiles.main - INFO - 1 change detected
2024-11-27 15:25:57,948 - watchfiles.main - INFO - 1 change detected
2024-11-27 15:25:58,364 - watchfiles.main - INFO - 1 change detected
2024-11-27 15:25:58,779 - watchfiles.main - INFO - 1 change detected
2024-11-27 15:25:59,191 - watchfiles.main - INFO - 1 change detected
2024-11-27 15:25:59,555 - watchfiles.main - INFO - 1 change detected
2024-11-27 15:25:59,972 - watchfiles.main - INFO - 1 change detected
2024-11-27 15:26:00,388 - watchfiles.main - INFO - 1 change detected
2024-11-27 15:26:00,749 - watchfiles.main - INFO - 1 change detected
2024-11-27 15:26:01,153 - watchfiles.main - INFO - 1 change detected
2024-11-27 15:26:01,569 - watchfiles.main - INFO - 1 change detected
2024-11-27 15:26:01,982 - watchfiles.main - INFO - 1 change detected
2024-11-27 15:26:02,346 - watchfiles.main - INFO - 1 change detected
2024-11-27 15:26:02,764 - watchfiles.main - INFO - 1 change detected
2024-11-27 15:26:03,178 - watchfiles.main - INFO - 1 change detected
2024-11-27 15:26:03,543 - watchfiles.main - INFO - 1 change detected
2024-11-27 15:26:03,961 - watchfiles.main - INFO - 1 change detected
2024-11-27 15:26:04,373 - watchfiles.main - INFO - 1 change detected
2024-11-27 15:26:04,789 - watchfiles.main - INFO - 1 change detected
2024-11-27 15:26:05,153 - watchfiles.main - INFO - 1 change detected
2024-11-27 15:26:05,572 - watchfiles.main - INFO - 1 change detected
2024-11-27 15:26:05,986 - watchfiles.main - INFO - 1 change detected
2024-11-27 15:26:06,399 - watchfiles.main - INFO - 1 change detected
2024-11-27 15:26:06,760 - watchfiles.main - INFO - 1 change detected
2024-11-27 15:26:07,180 - watchfiles.main - INFO - 1 change detected
2024-11-27 15:26:07,593 - watchfiles.main - INFO - 1 change detected
2024-11-27 15:26:07,956 - watchfiles.main - INFO - 1 change detected
2024-11-27 15:26:08,360 - watchfiles.main - INFO - 1 change detected
2024-11-27 15:26:08,774 - watchfiles.main - INFO - 1 change detected
2024-11-27 15:26:09,188 - watchfiles.main - INFO - 1 change detected
2024-11-27 15:26:09,601 - watchfiles.main - INFO - 1 change detected
2024-11-27 15:26:10,015 - watchfiles.main - INFO - 1 change detected
2024-11-27 15:26:10,380 - watchfiles.main - INFO - 1 change detected
2024-11-27 15:26:10,799 - watchfiles.main - INFO - 1 change detected
2024-11-27 15:26:11,213 - watchfiles.main - INFO - 1 change detected
2024-11-27 15:26:11,574 - watchfiles.main - INFO - 1 change detected
2024-11-27 15:26:11,991 - watchfiles.main - INFO - 1 change detected
2024-11-27 15:26:12,403 - watchfiles.main - INFO - 1 change detected
2024-11-27 15:26:12,765 - watchfiles.main - INFO - 1 change detected
2024-11-27 15:26:13,183 - watchfiles.main - INFO - 1 change detected
2024-11-27 15:26:13,596 - watchfiles.main - INFO - 1 change detected
2024-11-27 15:26:13,959 - watchfiles.main - INFO - 1 change detected
2024-11-27 15:26:14,378 - watchfiles.main - INFO - 1 change detected
2024-11-27 15:26:14,791 - watchfiles.main - INFO - 1 change detected
2024-11-27 15:26:15,204 - watchfiles.main - INFO - 1 change detected
2024-11-27 15:26:15,568 - watchfiles.main - INFO - 1 change detected
2024-11-27 15:26:15,986 - watchfiles.main - INFO - 1 change detected
2024-11-27 15:26:16,399 - watchfiles.main - INFO - 1 change detected
2024-11-27 15:26:16,763 - watchfiles.main - INFO - 1 change detected
2024-11-27 15:26:17,180 - watchfiles.main - INFO - 1 change detected
2024-11-27 15:26:17,594 - watchfiles.main - INFO - 1 change detected
2024-11-27 15:26:17,958 - watchfiles.main - INFO - 1 change detected
2024-11-27 15:26:18,376 - watchfiles.main - INFO - 1 change detected
2024-11-27 15:26:18,789 - watchfiles.main - INFO - 1 change detected
2024-11-27 15:26:19,153 - watchfiles.main - INFO - 1 change detected
2024-11-27 15:26:19,572 - watchfiles.main - INFO - 1 change detected
2024-11-27 15:26:19,986 - watchfiles.main - INFO - 1 change detected
2024-11-27 15:30:49,926 - app.websockets - ERROR - Failed to start background tasks: 'RoomManager' object has no attribute '_monitor_connections'
2024-11-27 15:30:49,927 - app.websockets - CRITICAL - Failed to initialize room manager: 'RoomManager' object has no attribute '_monitor_connections'
2024-11-27 15:30:49,937 - app.websockets - ERROR - Error getting inactive rooms: 'generator' object has no attribute 'query'
2024-11-27 15:30:50,005 - watchfiles.main - INFO - 1 change detected
2024-11-27 15:30:50,372 - watchfiles.main - INFO - 1 change detected
2024-11-27 15:30:50,741 - watchfiles.main - INFO - 1 change detected
2024-11-27 15:30:51,143 - watchfiles.main - INFO - 1 change detected
2024-11-27 15:30:51,557 - watchfiles.main - INFO - 1 change detected
2024-11-27 15:30:51,969 - watchfiles.main - INFO - 1 change detected
2024-11-27 15:30:52,334 - watchfiles.main - INFO - 1 change detected
2024-11-27 15:30:52,750 - watchfiles.main - INFO - 1 change detected
2024-11-27 15:30:53,165 - watchfiles.main - INFO - 1 change detected
2024-11-27 15:30:53,528 - watchfiles.main - INFO - 1 change detected
2024-11-27 15:30:53,947 - watchfiles.main - INFO - 1 change detected
2024-11-27 15:30:54,360 - watchfiles.main - INFO - 1 change detected
2024-11-27 15:30:54,724 - watchfiles.main - INFO - 1 change detected
2024-11-27 15:30:55,141 - watchfiles.main - INFO - 1 change detected
2024-11-27 15:30:55,554 - watchfiles.main - INFO - 1 change detected
2024-11-27 15:30:55,967 - watchfiles.main - INFO - 1 change detected
2024-11-27 15:30:56,382 - watchfiles.main - INFO - 1 change detected
2024-11-27 15:30:56,795 - watchfiles.main - INFO - 1 change detected
2024-11-27 15:30:57,161 - watchfiles.main - INFO - 1 change detected
2024-11-27 15:30:57,579 - watchfiles.main - INFO - 1 change detected
2024-11-27 15:30:57,992 - watchfiles.main - INFO - 1 change detected
2024-11-27 15:30:58,355 - watchfiles.main - INFO - 1 change detected
2024-11-27 15:30:58,758 - watchfiles.main - INFO - 1 change detected
2024-11-27 15:30:59,173 - watchfiles.main - INFO - 1 change detected
2024-11-27 15:30:59,588 - watchfiles.main - INFO - 1 change detected
2024-11-27 15:31:00,001 - watchfiles.main - INFO - 1 change detected
2024-11-27 15:31:00,364 - watchfiles.main - INFO - 1 change detected
2024-11-27 15:31:00,779 - watchfiles.main - INFO - 1 change detected
2024-11-27 15:31:01,193 - watchfiles.main - INFO - 1 change detected
2024-11-27 15:31:01,606 - watchfiles.main - INFO - 1 change detected
2024-11-27 15:31:02,019 - watchfiles.main - INFO - 1 change detected
2024-11-27 15:31:02,381 - watchfiles.main - INFO - 1 change detected
2024-11-27 15:31:02,799 - watchfiles.main - INFO - 1 change detected
2024-11-27 15:31:03,212 - watchfiles.main - INFO - 1 change detected
2024-11-27 15:31:03,577 - watchfiles.main - INFO - 1 change detected
2024-11-27 15:31:03,996 - watchfiles.main - INFO - 1 change detected
2024-11-27 15:31:04,409 - watchfiles.main - INFO - 1 change detected
2024-11-27 15:31:04,773 - watchfiles.main - INFO - 1 change detected
2024-11-27 15:31:05,191 - watchfiles.main - INFO - 1 change detected
2024-11-27 15:31:05,606 - watchfiles.main - INFO - 1 change detected
2024-11-27 15:31:05,970 - watchfiles.main - INFO - 1 change detected
2024-11-27 15:31:06,386 - watchfiles.main - INFO - 1 change detected
2024-11-27 15:31:06,802 - watchfiles.main - INFO - 1 change detected
2024-11-27 15:31:07,166 - watchfiles.main - INFO - 1 change detected
2024-11-27 15:31:07,583 - watchfiles.main - INFO - 1 change detected
2024-11-27 15:31:07,996 - watchfiles.main - INFO - 1 change detected
2024-11-27 15:31:08,410 - watchfiles.main - INFO - 1 change detected
2024-11-27 15:31:08,773 - watchfiles.main - INFO - 1 change detected
2024-11-27 15:31:09,192 - watchfiles.main - INFO - 1 change detected
2024-11-27 15:31:09,607 - watchfiles.main - INFO - 1 change detected
2024-11-27 15:34:56,208 - app.websockets - ERROR - Failed to start background tasks: 'RoomManager' object has no attribute '_monitor_connections'
2024-11-27 15:34:56,209 - app.websockets - CRITICAL - Failed to initialize room manager: 'RoomManager' object has no attribute '_monitor_connections'
2024-11-27 15:34:56,280 - app.websockets - ERROR - Error cleaning up room 123456: Object '<RoomModel at 0x1af467b5a90>' is already attached to session '2' (this is '1')
2024-11-27 15:34:56,281 - app.websockets - INFO - Cleaned up 1 inactive rooms
2024-11-27 15:34:56,291 - watchfiles.main - INFO - 1 change detected
2024-11-27 15:34:56,745 - watchfiles.main - INFO - 1 change detected
2024-11-27 15:34:57,155 - watchfiles.main - INFO - 1 change detected
2024-11-27 15:34:57,567 - watchfiles.main - INFO - 1 change detected
2024-11-27 15:34:57,981 - watchfiles.main - INFO - 1 change detected
2024-11-27 15:34:58,343 - watchfiles.main - INFO - 1 change detected
2024-11-27 15:34:58,762 - watchfiles.main - INFO - 1 change detected
2024-11-27 15:34:59,177 - watchfiles.main - INFO - 1 change detected
2024-11-27 15:34:59,538 - watchfiles.main - INFO - 1 change detected
2024-11-27 15:34:59,956 - watchfiles.main - INFO - 1 change detected
2024-11-27 15:35:00,370 - watchfiles.main - INFO - 1 change detected
2024-11-27 15:35:00,782 - watchfiles.main - INFO - 1 change detected
2024-11-27 15:35:01,147 - watchfiles.main - INFO - 1 change detected
2024-11-27 15:35:01,564 - watchfiles.main - INFO - 1 change detected
2024-11-27 15:35:01,978 - watchfiles.main - INFO - 1 change detected
2024-11-27 15:35:02,393 - watchfiles.main - INFO - 1 change detected
2024-11-27 15:35:02,756 - watchfiles.main - INFO - 1 change detected
2024-11-27 15:35:03,174 - watchfiles.main - INFO - 1 change detected
2024-11-27 15:35:03,587 - watchfiles.main - INFO - 1 change detected
2024-11-27 15:35:03,949 - watchfiles.main - INFO - 1 change detected
2024-11-27 15:35:04,367 - watchfiles.main - INFO - 1 change detected
2024-11-27 15:35:04,780 - watchfiles.main - INFO - 1 change detected
2024-11-27 15:35:05,143 - watchfiles.main - INFO - 1 change detected
2024-11-27 15:35:05,562 - watchfiles.main - INFO - 1 change detected
2024-11-27 15:35:05,976 - watchfiles.main - INFO - 1 change detected
2024-11-27 15:35:06,340 - watchfiles.main - INFO - 1 change detected
2024-11-27 15:35:06,758 - watchfiles.main - INFO - 1 change detected
2024-11-27 15:35:07,170 - watchfiles.main - INFO - 1 change detected
2024-11-27 15:35:07,534 - watchfiles.main - INFO - 1 change detected
2024-11-27 15:35:07,954 - watchfiles.main - INFO - 1 change detected
2024-11-27 15:35:08,362 - watchfiles.main - INFO - 1 change detected
2024-11-27 15:35:08,726 - watchfiles.main - INFO - 1 change detected
2024-11-27 15:35:09,143 - watchfiles.main - INFO - 1 change detected
2024-11-27 15:35:09,557 - watchfiles.main - INFO - 1 change detected
2024-11-27 15:35:09,920 - watchfiles.main - INFO - 1 change detected
2024-11-27 15:35:10,336 - watchfiles.main - INFO - 1 change detected
2024-11-27 15:35:10,749 - watchfiles.main - INFO - 1 change detected
2024-11-27 15:35:11,111 - watchfiles.main - INFO - 1 change detected
2024-11-27 15:35:11,529 - watchfiles.main - INFO - 1 change detected
2024-11-27 15:35:11,942 - watchfiles.main - INFO - 1 change detected
2024-11-27 15:35:12,305 - watchfiles.main - INFO - 1 change detected
2024-11-27 15:35:12,724 - watchfiles.main - INFO - 1 change detected
2024-11-27 15:35:13,137 - watchfiles.main - INFO - 1 change detected
2024-11-27 15:35:13,499 - watchfiles.main - INFO - 1 change detected
2024-11-27 15:35:13,915 - watchfiles.main - INFO - 1 change detected
2024-11-27 15:35:14,329 - watchfiles.main - INFO - 1 change detected
2024-11-27 15:35:14,692 - watchfiles.main - INFO - 1 change detected
2024-11-27 15:35:15,111 - watchfiles.main - INFO - 1 change detected
2024-11-27 15:35:15,524 - watchfiles.main - INFO - 1 change detected
2024-11-27 15:35:15,936 - watchfiles.main - INFO - 1 change detected
2024-11-27 15:35:16,349 - watchfiles.main - INFO - 1 change detected
2024-11-27 15:35:16,763 - watchfiles.main - INFO - 1 change detected
2024-11-27 15:35:17,127 - watchfiles.main - INFO - 1 change detected
2024-11-27 15:35:17,543 - watchfiles.main - INFO - 1 change detected
2024-11-27 15:35:17,957 - watchfiles.main - INFO - 1 change detected
2024-11-27 15:35:18,370 - watchfiles.main - INFO - 1 change detected
2024-11-27 15:35:18,734 - watchfiles.main - INFO - 1 change detected
2024-11-27 15:35:19,150 - watchfiles.main - INFO - 1 change detected
2024-11-27 15:35:19,563 - watchfiles.main - INFO - 1 change detected
2024-11-27 15:35:19,976 - watchfiles.main - INFO - 1 change detected
2024-11-27 15:35:20,339 - watchfiles.main - INFO - 1 change detected
2024-11-27 15:35:20,759 - watchfiles.main - INFO - 1 change detected
2024-11-27 15:35:21,173 - watchfiles.main - INFO - 1 change detected
2024-11-27 15:35:21,536 - watchfiles.main - INFO - 1 change detected
2024-11-27 15:35:21,954 - watchfiles.main - INFO - 1 change detected
2024-11-27 15:35:22,368 - watchfiles.main - INFO - 1 change detected
2024-11-27 15:35:22,781 - watchfiles.main - INFO - 1 change detected
2024-11-27 15:35:23,146 - watchfiles.main - INFO - 1 change detected
2024-11-27 15:35:23,564 - watchfiles.main - INFO - 1 change detected
2024-11-27 15:35:23,976 - watchfiles.main - INFO - 1 change detected
2024-11-27 15:35:24,389 - watchfiles.main - INFO - 1 change detected
2024-11-27 15:35:24,753 - watchfiles.main - INFO - 1 change detected
2024-11-27 15:35:25,171 - watchfiles.main - INFO - 1 change detected
2024-11-27 15:35:25,585 - watchfiles.main - INFO - 1 change detected
2024-11-27 15:35:25,948 - watchfiles.main - INFO - 1 change detected
2024-11-27 15:35:26,365 - watchfiles.main - INFO - 1 change detected
2024-11-27 15:35:26,778 - watchfiles.main - INFO - 1 change detected
2024-11-27 15:35:27,193 - watchfiles.main - INFO - 1 change detected
2024-11-27 15:35:27,607 - watchfiles.main - INFO - 1 change detected
2024-11-27 15:35:27,971 - watchfiles.main - INFO - 1 change detected
2024-11-27 15:35:28,388 - watchfiles.main - INFO - 1 change detected
2024-11-27 15:35:28,803 - watchfiles.main - INFO - 1 change detected
2024-11-27 15:35:29,166 - watchfiles.main - INFO - 1 change detected
2024-11-27 15:35:29,584 - watchfiles.main - INFO - 1 change detected
2024-11-27 15:35:29,998 - watchfiles.main - INFO - 1 change detected
2024-11-27 15:35:30,411 - watchfiles.main - INFO - 1 change detected
2024-11-27 15:35:30,774 - watchfiles.main - INFO - 1 change detected
2024-11-27 15:35:31,190 - watchfiles.main - INFO - 1 change detected
2024-11-27 15:35:31,602 - watchfiles.main - INFO - 1 change detected
2024-11-27 15:35:32,065 - watchfiles.main - INFO - 1 change detected
2024-11-27 15:35:32,423 - watchfiles.main - INFO - 1 change detected
2024-11-27 15:35:32,826 - watchfiles.main - INFO - 1 change detected
2024-11-27 15:35:33,240 - watchfiles.main - INFO - 1 change detected
2024-11-27 15:35:33,653 - watchfiles.main - INFO - 1 change detected
2024-11-27 15:35:34,019 - watchfiles.main - INFO - 1 change detected
2024-11-27 15:35:34,434 - watchfiles.main - INFO - 1 change detected
2024-11-27 15:35:34,848 - watchfiles.main - INFO - 1 change detected
2024-11-27 15:35:35,259 - watchfiles.main - INFO - 1 change detected
2024-11-27 15:35:35,621 - watchfiles.main - INFO - 1 change detected
2024-11-27 15:35:36,039 - watchfiles.main - INFO - 1 change detected
2024-11-27 15:35:36,452 - watchfiles.main - INFO - 1 change detected
2024-11-27 15:35:36,814 - watchfiles.main - INFO - 1 change detected
2024-11-27 15:35:37,232 - watchfiles.main - INFO - 1 change detected
2024-11-27 15:35:37,646 - watchfiles.main - INFO - 1 change detected
2024-11-27 15:35:38,058 - watchfiles.main - INFO - 1 change detected
2024-11-27 15:35:38,471 - watchfiles.main - INFO - 1 change detected
2024-11-27 15:35:38,834 - watchfiles.main - INFO - 1 change detected
2024-11-27 15:35:39,252 - watchfiles.main - INFO - 1 change detected
2024-11-27 15:35:39,665 - watchfiles.main - INFO - 1 change detected
2024-11-27 15:35:40,027 - watchfiles.main - INFO - 1 change detected
2024-11-27 15:35:40,431 - watchfiles.main - INFO - 1 change detected
2024-11-27 15:35:40,845 - watchfiles.main - INFO - 1 change detected
2024-11-27 15:35:41,259 - watchfiles.main - INFO - 1 change detected
2024-11-27 15:35:41,673 - watchfiles.main - INFO - 1 change detected
2024-11-27 15:35:42,037 - watchfiles.main - INFO - 1 change detected
2024-11-27 15:35:42,455 - watchfiles.main - INFO - 1 change detected
2024-11-27 15:35:42,869 - watchfiles.main - INFO - 1 change detected
2024-11-27 15:35:43,233 - watchfiles.main - INFO - 1 change detected
2024-11-27 15:35:43,649 - watchfiles.main - INFO - 1 change detected
2024-11-27 15:35:44,063 - watchfiles.main - INFO - 1 change detected
2024-11-27 15:35:44,476 - watchfiles.main - INFO - 1 change detected
2024-11-27 15:35:44,840 - watchfiles.main - INFO - 1 change detected
2024-11-27 15:35:45,257 - watchfiles.main - INFO - 1 change detected
2024-11-27 15:35:45,669 - watchfiles.main - INFO - 1 change detected
2024-11-27 15:35:46,084 - watchfiles.main - INFO - 1 change detected
2024-11-27 15:35:46,447 - watchfiles.main - INFO - 1 change detected
2024-11-27 15:35:46,867 - watchfiles.main - INFO - 1 change detected
2024-11-27 15:35:47,280 - watchfiles.main - INFO - 1 change detected
2024-11-27 15:35:47,644 - watchfiles.main - INFO - 1 change detected
2024-11-27 15:35:48,061 - watchfiles.main - INFO - 1 change detected
2024-11-27 15:35:48,475 - watchfiles.main - INFO - 1 change detected
2024-11-27 15:35:48,888 - watchfiles.main - INFO - 1 change detected
2024-11-27 15:35:49,252 - watchfiles.main - INFO - 1 change detected
2024-11-27 15:35:49,669 - watchfiles.main - INFO - 1 change detected
2024-11-27 15:35:50,082 - watchfiles.main - INFO - 1 change detected
2024-11-27 15:35:50,444 - watchfiles.main - INFO - 1 change detected
2024-11-27 15:35:50,862 - watchfiles.main - INFO - 1 change detected
2024-11-27 15:35:51,274 - watchfiles.main - INFO - 1 change detected
2024-11-27 15:35:51,637 - watchfiles.main - INFO - 1 change detected
2024-11-27 15:35:52,055 - watchfiles.main - INFO - 1 change detected
2024-11-27 15:35:52,467 - watchfiles.main - INFO - 1 change detected
2024-11-27 15:35:52,881 - watchfiles.main - INFO - 1 change detected
2024-11-27 15:35:53,244 - watchfiles.main - INFO - 1 change detected
2024-11-27 15:35:53,662 - watchfiles.main - INFO - 1 change detected
2024-11-27 15:35:54,077 - watchfiles.main - INFO - 1 change detected
2024-11-27 15:35:54,441 - watchfiles.main - INFO - 1 change detected
2024-11-27 15:35:54,859 - watchfiles.main - INFO - 1 change detected
2024-11-27 15:35:55,274 - watchfiles.main - INFO - 1 change detected
2024-11-27 15:35:55,638 - watchfiles.main - INFO - 1 change detected
2024-11-27 15:35:56,056 - watchfiles.main - INFO - 1 change detected
2024-11-27 15:35:56,468 - watchfiles.main - INFO - 1 change detected
2024-11-27 15:35:56,833 - watchfiles.main - INFO - 1 change detected
2024-11-27 15:35:57,251 - watchfiles.main - INFO - 1 change detected
2024-11-27 15:35:57,666 - watchfiles.main - INFO - 1 change detected
2024-11-27 15:35:58,079 - watchfiles.main - INFO - 1 change detected
2024-11-27 15:35:58,441 - watchfiles.main - INFO - 1 change detected
2024-11-27 15:35:58,859 - watchfiles.main - INFO - 1 change detected
2024-11-27 15:35:59,272 - watchfiles.main - INFO - 1 change detected
2024-11-27 15:35:59,635 - watchfiles.main - INFO - 1 change detected
2024-11-27 15:36:00,053 - watchfiles.main - INFO - 1 change detected
2024-11-27 15:36:00,468 - watchfiles.main - INFO - 1 change detected
2024-11-27 15:36:00,879 - watchfiles.main - INFO - 1 change detected
2024-11-27 15:36:01,243 - watchfiles.main - INFO - 1 change detected
2024-11-27 15:36:01,661 - watchfiles.main - INFO - 1 change detected
2024-11-27 15:36:02,074 - watchfiles.main - INFO - 1 change detected
2024-11-27 15:36:02,487 - watchfiles.main - INFO - 1 change detected
2024-11-27 15:36:02,850 - watchfiles.main - INFO - 1 change detected
2024-11-27 15:36:03,267 - watchfiles.main - INFO - 1 change detected
2024-11-27 15:36:03,680 - watchfiles.main - INFO - 1 change detected
2024-11-27 15:36:04,042 - watchfiles.main - INFO - 1 change detected
2024-11-27 15:36:04,459 - watchfiles.main - INFO - 1 change detected
2024-11-27 15:36:04,872 - watchfiles.main - INFO - 1 change detected
2024-11-27 15:36:05,285 - watchfiles.main - INFO - 1 change detected
2024-11-27 15:36:05,648 - watchfiles.main - INFO - 1 change detected
2024-11-27 15:36:06,050 - watchfiles.main - INFO - 1 change detected
2024-11-27 15:36:06,465 - watchfiles.main - INFO - 1 change detected
2024-11-27 15:36:06,877 - watchfiles.main - INFO - 1 change detected
2024-11-27 15:36:07,242 - watchfiles.main - INFO - 1 change detected
2024-11-27 15:36:07,658 - watchfiles.main - INFO - 1 change detected
2024-11-27 15:36:08,071 - watchfiles.main - INFO - 1 change detected
2024-11-27 15:36:08,435 - watchfiles.main - INFO - 1 change detected
2024-11-27 15:36:08,853 - watchfiles.main - INFO - 1 change detected
2024-11-27 15:36:09,266 - watchfiles.main - INFO - 1 change detected
2024-11-27 15:36:09,681 - watchfiles.main - INFO - 1 change detected
2024-11-27 15:36:10,045 - watchfiles.main - INFO - 1 change detected
2024-11-27 15:36:10,462 - watchfiles.main - INFO - 1 change detected
2024-11-27 15:36:10,877 - watchfiles.main - INFO - 1 change detected
2024-11-27 15:36:11,241 - watchfiles.main - INFO - 1 change detected
2024-11-27 15:36:11,659 - watchfiles.main - INFO - 1 change detected
2024-11-27 15:36:12,073 - watchfiles.main - INFO - 1 change detected
2024-11-27 15:36:12,485 - watchfiles.main - INFO - 1 change detected
2024-11-27 15:36:12,849 - watchfiles.main - INFO - 1 change detected
2024-11-27 15:36:13,267 - watchfiles.main - INFO - 1 change detected
2024-11-27 15:36:13,682 - watchfiles.main - INFO - 1 change detected
2024-11-27 15:36:14,045 - watchfiles.main - INFO - 1 change detected
2024-11-27 15:36:14,461 - watchfiles.main - INFO - 1 change detected
2024-11-27 15:36:14,877 - watchfiles.main - INFO - 1 change detected
2024-11-27 15:36:15,291 - watchfiles.main - INFO - 1 change detected
2024-11-27 15:36:15,657 - watchfiles.main - INFO - 1 change detected
2024-11-27 15:36:16,075 - watchfiles.main - INFO - 1 change detected
2024-11-27 15:36:16,487 - watchfiles.main - INFO - 1 change detected
2024-11-27 15:36:16,900 - watchfiles.main - INFO - 1 change detected
2024-11-27 15:36:17,264 - watchfiles.main - INFO - 1 change detected
2024-11-27 15:36:17,682 - watchfiles.main - INFO - 1 change detected
2024-11-27 15:36:18,096 - watchfiles.main - INFO - 1 change detected
2024-11-27 15:36:18,460 - watchfiles.main - INFO - 1 change detected
2024-11-27 15:36:18,878 - watchfiles.main - INFO - 1 change detected
2024-11-27 15:36:19,293 - watchfiles.main - INFO - 1 change detected
2024-11-27 15:36:19,657 - watchfiles.main - INFO - 1 change detected
2024-11-27 15:36:20,073 - watchfiles.main - INFO - 1 change detected
2024-11-27 15:36:20,486 - watchfiles.main - INFO - 1 change detected
2024-11-27 15:36:20,850 - watchfiles.main - INFO - 1 change detected
2024-11-27 15:36:21,267 - watchfiles.main - INFO - 1 change detected
2024-11-27 15:36:21,681 - watchfiles.main - INFO - 1 change detected
2024-11-27 15:36:22,044 - watchfiles.main - INFO - 1 change detected
2024-11-27 15:36:22,447 - watchfiles.main - INFO - 1 change detected
2024-11-27 15:36:22,861 - watchfiles.main - INFO - 1 change detected
2024-11-27 15:36:23,275 - watchfiles.main - INFO - 1 change detected
2024-11-27 15:36:23,639 - watchfiles.main - INFO - 1 change detected
2024-11-27 15:36:24,093 - watchfiles.main - INFO - 1 change detected
2024-11-27 15:36:24,452 - watchfiles.main - INFO - 1 change detected
2024-11-27 15:36:24,870 - watchfiles.main - INFO - 1 change detected
2024-11-27 15:36:25,284 - watchfiles.main - INFO - 1 change detected
2024-11-27 15:36:25,649 - watchfiles.main - INFO - 1 change detected
2024-11-27 15:36:26,068 - watchfiles.main - INFO - 1 change detected
2024-11-27 15:36:26,481 - watchfiles.main - INFO - 1 change detected
2024-11-27 15:36:26,895 - watchfiles.main - INFO - 1 change detected
2024-11-27 15:36:27,307 - watchfiles.main - INFO - 1 change detected
2024-11-27 15:36:27,673 - watchfiles.main - INFO - 1 change detected
2024-11-27 15:36:28,088 - watchfiles.main - INFO - 1 change detected
2024-11-27 15:36:28,502 - watchfiles.main - INFO - 1 change detected
2024-11-27 15:36:28,867 - watchfiles.main - INFO - 1 change detected
2024-11-27 15:36:29,283 - watchfiles.main - INFO - 1 change detected
2024-11-27 15:36:29,698 - watchfiles.main - INFO - 1 change detected
2024-11-27 15:36:30,062 - watchfiles.main - INFO - 1 change detected
2024-11-27 15:36:30,479 - watchfiles.main - INFO - 1 change detected
2024-11-27 15:36:30,892 - watchfiles.main - INFO - 1 change detected
2024-11-27 15:36:31,256 - watchfiles.main - INFO - 1 change detected
2024-11-27 15:36:31,673 - watchfiles.main - INFO - 1 change detected
2024-11-27 15:36:32,087 - watchfiles.main - INFO - 1 change detected
2024-11-27 15:36:32,501 - watchfiles.main - INFO - 1 change detected
2024-11-27 15:36:32,914 - watchfiles.main - INFO - 1 change detected
2024-11-27 15:36:33,277 - watchfiles.main - INFO - 1 change detected
2024-11-27 15:36:33,694 - watchfiles.main - INFO - 1 change detected
2024-11-27 15:36:34,109 - watchfiles.main - INFO - 1 change detected
2024-11-27 15:36:34,472 - watchfiles.main - INFO - 1 change detected
2024-11-27 15:36:34,889 - watchfiles.main - INFO - 1 change detected
2024-11-27 15:36:35,303 - watchfiles.main - INFO - 1 change detected
2024-11-27 15:36:35,665 - watchfiles.main - INFO - 1 change detected
2024-11-27 15:36:36,083 - watchfiles.main - INFO - 1 change detected
2024-11-27 15:36:36,496 - watchfiles.main - INFO - 1 change detected
2024-11-27 15:36:36,859 - watchfiles.main - INFO - 1 change detected
2024-11-27 15:36:37,278 - watchfiles.main - INFO - 1 change detected
2024-11-27 15:36:37,691 - watchfiles.main - INFO - 1 change detected
2024-11-27 15:36:38,106 - watchfiles.main - INFO - 1 change detected
2024-11-27 15:36:38,519 - watchfiles.main - INFO - 1 change detected
2024-11-27 15:36:38,883 - watchfiles.main - INFO - 1 change detected
2024-11-27 15:36:39,299 - watchfiles.main - INFO - 1 change detected
2024-11-27 15:36:39,713 - watchfiles.main - INFO - 1 change detected
2024-11-27 15:36:40,076 - watchfiles.main - INFO - 1 change detected
2024-11-27 15:36:40,493 - watchfiles.main - INFO - 1 change detected
2024-11-27 15:36:40,907 - watchfiles.main - INFO - 1 change detected
2024-11-27 15:36:41,272 - watchfiles.main - INFO - 1 change detected
2024-11-27 15:36:41,689 - watchfiles.main - INFO - 1 change detected
2024-11-27 15:36:42,102 - watchfiles.main - INFO - 1 change detected
2024-11-27 15:36:42,514 - watchfiles.main - INFO - 1 change detected
2024-11-27 15:36:42,879 - watchfiles.main - INFO - 1 change detected
2024-11-27 15:36:43,296 - watchfiles.main - INFO - 1 change detected
2024-11-27 15:36:43,709 - watchfiles.main - INFO - 1 change detected
2024-11-27 15:36:44,072 - watchfiles.main - INFO - 1 change detected
2024-11-27 15:44:52,354 - app.websockets - ERROR - Failed to start background tasks: 'RoomManager' object has no attribute '_monitor_connections'
2024-11-27 15:44:52,355 - app.websockets - CRITICAL - Failed to initialize room manager: 'RoomManager' object has no attribute '_monitor_connections'
2024-11-27 15:44:52,423 - app.websockets - ERROR - Error cleaning up room 123456: Object '<RoomModel at 0x238c69b5a60>' is already attached to session '2' (this is '1')
2024-11-27 15:44:52,424 - app.websockets - INFO - Cleaned up 1 inactive rooms
2024-11-27 15:44:52,445 - watchfiles.main - INFO - 1 change detected
2024-11-27 15:44:52,900 - watchfiles.main - INFO - 1 change detected
2024-11-27 15:44:53,309 - watchfiles.main - INFO - 1 change detected
2024-11-27 15:44:53,672 - watchfiles.main - INFO - 1 change detected
2024-11-27 15:44:54,090 - watchfiles.main - INFO - 1 change detected
2024-11-27 15:44:54,505 - watchfiles.main - INFO - 1 change detected
2024-11-27 15:44:54,866 - watchfiles.main - INFO - 1 change detected
2024-11-27 15:44:55,269 - watchfiles.main - INFO - 1 change detected
2024-11-27 15:44:55,683 - watchfiles.main - INFO - 1 change detected
2024-11-27 15:44:56,098 - watchfiles.main - INFO - 1 change detected
2024-11-27 15:44:56,460 - watchfiles.main - INFO - 1 change detected
2024-11-27 15:44:56,879 - watchfiles.main - INFO - 1 change detected
2024-11-27 15:44:57,291 - watchfiles.main - INFO - 1 change detected
2024-11-27 15:44:57,653 - watchfiles.main - INFO - 1 change detected
2024-11-27 15:44:58,072 - watchfiles.main - INFO - 1 change detected
2024-11-27 15:44:58,485 - watchfiles.main - INFO - 1 change detected
2024-11-27 15:44:58,848 - watchfiles.main - INFO - 1 change detected
2024-11-27 15:44:59,265 - watchfiles.main - INFO - 1 change detected
2024-11-27 15:44:59,678 - watchfiles.main - INFO - 1 change detected
2024-11-27 15:45:00,043 - watchfiles.main - INFO - 1 change detected
2024-11-27 15:45:00,459 - watchfiles.main - INFO - 1 change detected
2024-11-27 15:45:00,872 - watchfiles.main - INFO - 1 change detected
2024-11-27 15:45:01,234 - watchfiles.main - INFO - 1 change detected
2024-11-27 15:45:01,639 - watchfiles.main - INFO - 1 change detected
2024-11-27 15:45:02,053 - watchfiles.main - INFO - 1 change detected
